apicloud/APICloudModuleSDK/moduleDemo/build/intermediates/manifest_merge_blame_file/debug/manifest-merger-blame-debug-report.txt
1<?xml version="1.0" encoding="utf-8"?>
2<manifest xmlns:android="http://schemas.android.com/apk/res/android"
3    package="com.apicloud.sdk.moduledemo"
4    android:versionCode="1"
5    android:versionName="1.0" >
6
7    <uses-sdk
8        android:minSdkVersion="14"
8-->src\main\AndroidManifest.xml
9        android:targetSdkVersion="28" />
9-->src\main\AndroidManifest.xml
10
11    <uses-permission android:name="android.permission.VIBRATE" />
11-->src\main\AndroidManifest.xml:5:5-66
11-->src\main\AndroidManifest.xml:5:22-63
12
13    <application
13-->src\main\AndroidManifest.xml:7:5-17:19
14        android:allowBackup="true"
14-->src\main\AndroidManifest.xml:7:18-44
15        android:label="@string/app_name"
15-->src\main\AndroidManifest.xml:8:9-41
16        android:supportsRtl="true" >
16-->src\main\AndroidManifest.xml:9:9-35
17        <activity
17-->src\main\AndroidManifest.xml:11:9-15:58
18            android:name="com.apicloud.moduleDemo.DemoActivity"
18-->src\main\AndroidManifest.xml:12:13-64
19            android:configChanges="orientation|locale"
19-->src\main\AndroidManifest.xml:15:13-55
20            android:screenOrientation="portrait"
20-->src\main\AndroidManifest.xml:13:13-49
21            android:theme="@android:style/Theme.DeviceDefault.Light.NoActionBar" />
21-->src\main\AndroidManifest.xml:14:13-81
22    </application>
23
24</manifest>